verifyIsPage(ca.skip.app.delivery.mobile.test.DeliveryAPP_MainScreenPageTest) OK
verifyIsLoginPage(ca.skip.app.delivery.mobile.test.DeliveryAPP_LoginPageTest) OK
verifyCancelAction(ca.skip.app.delivery.mobile.test.DeliveryAPP_LoginPageTest) OK
verifyFacebookLink(ca.skip.app.delivery.mobile.test.DeliveryAPP_LoginPageTest) org.openqa.selenium.TimeoutException: Expected condition failed: waiting for presence of element located by: By.xpath: //*[@text='Log into your Facebook account to connect to SkipTheDishes'] (tried for 20 second(s) with 500 milliseconds interval) FAIL
verifyDeliveryButtonActions(ca.skip.app.delivery.mobile.test.DeliveryAPP_DeliveryPageTest) org.openqa.selenium.WebDriverException: An unknown server-side error occurred while processing the command. Original error: Must provide a selector when finding elements
Build info: version: '3.14.0', revision: 'aacccce0', time: '2018-08-02T20:19:58.91Z'
System info: host: 'LAPTOP', ip: '192.168.165.2', os.name: 'Windows 10', os.arch: 'amd64', os.version: '10.0', java.version: '1.8.0_111'
Driver info: io.appium.java_client.android.AndroidDriver
Capabilities {app: D:/eclipse-workspace/SkipAp..., appPackage: com.ncconsulting.skipthedis..., applicationName: delivery.apk, automationName: uiautomator2, databaseEnabled: false, desired: {app: D:/eclipse-workspace/SkipAp..., applicationName: delivery.apk, automationName: uiautomator2, deviceName: Pixel_API_28, platformName: android}, deviceApiLevel: 28, deviceManufacturer: Google, deviceModel: AOSP on IA Emulator, deviceName: emulator-5554, deviceScreenDensity: 440, deviceScreenSize: 1080x2160, deviceUDID: emulator-5554, javascriptEnabled: true, locationContextEnabled: false, networkConnectionEnabled: true, pixelRatio: 2.75, platform: LINUX, platformName: Android, platformVersion: 9, statBarHeight: 66, takesScreenshot: true, viewportRect: {height: 1962, left: 0, top: 66, width: 1080}, warnings: {}, webStorageEnabled: false}
Session ID: 24f4e23e-348e-4bea-842d-f70ec4e10003
*** Element info: {Using=id, value=} FAIL
verifyMandatoryField_confirmPassword(ca.skip.app.delivery.mobile.test.DeliveryAPP_SignUpPageTest) org.openqa.selenium.WebDriverException: An unknown server-side error occurred while processing the command. Original error: Must provide a selector when finding elements
Build info: version: '3.14.0', revision: 'aacccce0', time: '2018-08-02T20:19:58.91Z'
System info: host: 'LAPTOP', ip: '192.168.165.2', os.name: 'Windows 10', os.arch: 'amd64', os.version: '10.0', java.version: '1.8.0_111'
Driver info: io.appium.java_client.android.AndroidDriver
Capabilities {app: D:/eclipse-workspace/SkipAp..., appPackage: com.ncconsulting.skipthedis..., applicationName: delivery.apk, automationName: uiautomator2, databaseEnabled: false, desired: {app: D:/eclipse-workspace/SkipAp..., applicationName: delivery.apk, automationName: uiautomator2, deviceName: Pixel_API_28, platformName: android}, deviceApiLevel: 28, deviceManufacturer: Google, deviceModel: AOSP on IA Emulator, deviceName: emulator-5554, deviceScreenDensity: 440, deviceScreenSize: 1080x2160, deviceUDID: emulator-5554, javascriptEnabled: true, locationContextEnabled: false, networkConnectionEnabled: true, pixelRatio: 2.75, platform: LINUX, platformName: Android, platformVersion: 9, statBarHeight: 66, takesScreenshot: true, viewportRect: {height: 1962, left: 0, top: 66, width: 1080}, warnings: {}, webStorageEnabled: false}
Session ID: 24f4e23e-348e-4bea-842d-f70ec4e10003
*** Element info: {Using=id, value=} FAIL
verifyPasswordSize(ca.skip.app.delivery.mobile.test.DeliveryAPP_SignUpPageTest) org.openqa.selenium.WebDriverException: An unknown server-side error occurred while processing the command. Original error: Must provide a selector when finding elements
Build info: version: '3.14.0', revision: 'aacccce0', time: '2018-08-02T20:19:58.91Z'
System info: host: 'LAPTOP', ip: '192.168.165.2', os.name: 'Windows 10', os.arch: 'amd64', os.version: '10.0', java.version: '1.8.0_111'
Driver info: io.appium.java_client.android.AndroidDriver
Capabilities {app: D:/eclipse-workspace/SkipAp..., appPackage: com.ncconsulting.skipthedis..., applicationName: delivery.apk, automationName: uiautomator2, databaseEnabled: false, desired: {app: D:/eclipse-workspace/SkipAp..., applicationName: delivery.apk, automationName: uiautomator2, deviceName: Pixel_API_28, platformName: android}, deviceApiLevel: 28, deviceManufacturer: Google, deviceModel: AOSP on IA Emulator, deviceName: emulator-5554, deviceScreenDensity: 440, deviceScreenSize: 1080x2160, deviceUDID: emulator-5554, javascriptEnabled: true, locationContextEnabled: false, networkConnectionEnabled: true, pixelRatio: 2.75, platform: LINUX, platformName: Android, platformVersion: 9, statBarHeight: 66, takesScreenshot: true, viewportRect: {height: 1962, left: 0, top: 66, width: 1080}, warnings: {}, webStorageEnabled: false}
Session ID: 24f4e23e-348e-4bea-842d-f70ec4e10003
*** Element info: {Using=id, value=} FAIL
verifyIsPage(ca.skip.app.delivery.mobile.test.DeliveryAPP_SignUpPageTest) OK
verifyDifferentPassword(ca.skip.app.delivery.mobile.test.DeliveryAPP_SignUpPageTest) org.openqa.selenium.WebDriverException: An unknown server-side error occurred while processing the command. Original error: Must provide a selector when finding elements
Build info: version: '3.14.0', revision: 'aacccce0', time: '2018-08-02T20:19:58.91Z'
System info: host: 'LAPTOP', ip: '192.168.165.2', os.name: 'Windows 10', os.arch: 'amd64', os.version: '10.0', java.version: '1.8.0_111'
Driver info: io.appium.java_client.android.AndroidDriver
Capabilities {app: D:/eclipse-workspace/SkipAp..., appPackage: com.ncconsulting.skipthedis..., applicationName: delivery.apk, automationName: uiautomator2, databaseEnabled: false, desired: {app: D:/eclipse-workspace/SkipAp..., applicationName: delivery.apk, automationName: uiautomator2, deviceName: Pixel_API_28, platformName: android}, deviceApiLevel: 28, deviceManufacturer: Google, deviceModel: AOSP on IA Emulator, deviceName: emulator-5554, deviceScreenDensity: 440, deviceScreenSize: 1080x2160, deviceUDID: emulator-5554, javascriptEnabled: true, locationContextEnabled: false, networkConnectionEnabled: true, pixelRatio: 2.75, platform: LINUX, platformName: Android, platformVersion: 9, statBarHeight: 66, takesScreenshot: true, viewportRect: {height: 1962, left: 0, top: 66, width: 1080}, warnings: {}, webStorageEnabled: false}
Session ID: 24f4e23e-348e-4bea-842d-f70ec4e10003
*** Element info: {Using=id, value=} FAIL
verifyEmailFormat(ca.skip.app.delivery.mobile.test.DeliveryAPP_SignUpPageTest) org.openqa.selenium.WebDriverException: An unknown server-side error occurred while processing the command. Original error: Must provide a selector when finding elements
Build info: version: '3.14.0', revision: 'aacccce0', time: '2018-08-02T20:19:58.91Z'
System info: host: 'LAPTOP', ip: '192.168.165.2', os.name: 'Windows 10', os.arch: 'amd64', os.version: '10.0', java.version: '1.8.0_111'
Driver info: io.appium.java_client.android.AndroidDriver
Capabilities {app: D:/eclipse-workspace/SkipAp..., appPackage: com.ncconsulting.skipthedis..., applicationName: delivery.apk, automationName: uiautomator2, databaseEnabled: false, desired: {app: D:/eclipse-workspace/SkipAp..., applicationName: delivery.apk, automationName: uiautomator2, deviceName: Pixel_API_28, platformName: android}, deviceApiLevel: 28, deviceManufacturer: Google, deviceModel: AOSP on IA Emulator, deviceName: emulator-5554, deviceScreenDensity: 440, deviceScreenSize: 1080x2160, deviceUDID: emulator-5554, javascriptEnabled: true, locationContextEnabled: false, networkConnectionEnabled: true, pixelRatio: 2.75, platform: LINUX, platformName: Android, platformVersion: 9, statBarHeight: 66, takesScreenshot: true, viewportRect: {height: 1962, left: 0, top: 66, width: 1080}, warnings: {}, webStorageEnabled: false}
Session ID: 24f4e23e-348e-4bea-842d-f70ec4e10003
*** Element info: {Using=id, value=} FAIL
verifyMandatoryField_email(ca.skip.app.delivery.mobile.test.DeliveryAPP_SignUpPageTest) org.openqa.selenium.WebDriverException: An unknown server-side error occurred while processing the command. Original error: Must provide a selector when finding elements
Build info: version: '3.14.0', revision: 'aacccce0', time: '2018-08-02T20:19:58.91Z'
System info: host: 'LAPTOP', ip: '192.168.165.2', os.name: 'Windows 10', os.arch: 'amd64', os.version: '10.0', java.version: '1.8.0_111'
Driver info: io.appium.java_client.android.AndroidDriver
Capabilities {app: D:/eclipse-workspace/SkipAp..., appPackage: com.ncconsulting.skipthedis..., applicationName: delivery.apk, automationName: uiautomator2, databaseEnabled: false, desired: {app: D:/eclipse-workspace/SkipAp..., applicationName: delivery.apk, automationName: uiautomator2, deviceName: Pixel_API_28, platformName: android}, deviceApiLevel: 28, deviceManufacturer: Google, deviceModel: AOSP on IA Emulator, deviceName: emulator-5554, deviceScreenDensity: 440, deviceScreenSize: 1080x2160, deviceUDID: emulator-5554, javascriptEnabled: true, locationContextEnabled: false, networkConnectionEnabled: true, pixelRatio: 2.75, platform: LINUX, platformName: Android, platformVersion: 9, statBarHeight: 66, takesScreenshot: true, viewportRect: {height: 1962, left: 0, top: 66, width: 1080}, warnings: {}, webStorageEnabled: false}
Session ID: 24f4e23e-348e-4bea-842d-f70ec4e10003
*** Element info: {Using=id, value=} FAIL
verifyMandatoryField_phone(ca.skip.app.delivery.mobile.test.DeliveryAPP_SignUpPageTest) org.openqa.selenium.WebDriverException: An unknown server-side error occurred while processing the command. Original error: Must provide a selector when finding elements
Build info: version: '3.14.0', revision: 'aacccce0', time: '2018-08-02T20:19:58.91Z'
System info: host: 'LAPTOP', ip: '192.168.165.2', os.name: 'Windows 10', os.arch: 'amd64', os.version: '10.0', java.version: '1.8.0_111'
Driver info: io.appium.java_client.android.AndroidDriver
Capabilities {app: D:/eclipse-workspace/SkipAp..., appPackage: com.ncconsulting.skipthedis..., applicationName: delivery.apk, automationName: uiautomator2, databaseEnabled: false, desired: {app: D:/eclipse-workspace/SkipAp..., applicationName: delivery.apk, automationName: uiautomator2, deviceName: Pixel_API_28, platformName: android}, deviceApiLevel: 28, deviceManufacturer: Google, deviceModel: AOSP on IA Emulator, deviceName: emulator-5554, deviceScreenDensity: 440, deviceScreenSize: 1080x2160, deviceUDID: emulator-5554, javascriptEnabled: true, locationContextEnabled: false, networkConnectionEnabled: true, pixelRatio: 2.75, platform: LINUX, platformName: Android, platformVersion: 9, statBarHeight: 66, takesScreenshot: true, viewportRect: {height: 1962, left: 0, top: 66, width: 1080}, warnings: {}, webStorageEnabled: false}
Session ID: 24f4e23e-348e-4bea-842d-f70ec4e10003
*** Element info: {Using=id, value=} FAIL
verifyMandatoryField_password(ca.skip.app.delivery.mobile.test.DeliveryAPP_SignUpPageTest) org.openqa.selenium.WebDriverException: An unknown server-side error occurred while processing the command. Original error: Must provide a selector when finding elements
Build info: version: '3.14.0', revision: 'aacccce0', time: '2018-08-02T20:19:58.91Z'
System info: host: 'LAPTOP', ip: '192.168.165.2', os.name: 'Windows 10', os.arch: 'amd64', os.version: '10.0', java.version: '1.8.0_111'
Driver info: io.appium.java_client.android.AndroidDriver
Capabilities {app: D:/eclipse-workspace/SkipAp..., appPackage: com.ncconsulting.skipthedis..., applicationName: delivery.apk, automationName: uiautomator2, databaseEnabled: false, desired: {app: D:/eclipse-workspace/SkipAp..., applicationName: delivery.apk, automationName: uiautomator2, deviceName: Pixel_API_28, platformName: android}, deviceApiLevel: 28, deviceManufacturer: Google, deviceModel: AOSP on IA Emulator, deviceName: emulator-5554, deviceScreenDensity: 440, deviceScreenSize: 1080x2160, deviceUDID: emulator-5554, javascriptEnabled: true, locationContextEnabled: false, networkConnectionEnabled: true, pixelRatio: 2.75, platform: LINUX, platformName: Android, platformVersion: 9, statBarHeight: 66, takesScreenshot: true, viewportRect: {height: 1962, left: 0, top: 66, width: 1080}, warnings: {}, webStorageEnabled: false}
Session ID: 24f4e23e-348e-4bea-842d-f70ec4e10003
*** Element info: {Using=id, value=} FAIL
verifyMandatoryField_name(ca.skip.app.delivery.mobile.test.DeliveryAPP_SignUpPageTest) org.openqa.selenium.WebDriverException: An unknown server-side error occurred while processing the command. Original error: Must provide a selector when finding elements
Build info: version: '3.14.0', revision: 'aacccce0', time: '2018-08-02T20:19:58.91Z'
System info: host: 'LAPTOP', ip: '192.168.165.2', os.name: 'Windows 10', os.arch: 'amd64', os.version: '10.0', java.version: '1.8.0_111'
Driver info: io.appium.java_client.android.AndroidDriver
Capabilities {app: D:/eclipse-workspace/SkipAp..., appPackage: com.ncconsulting.skipthedis..., applicationName: delivery.apk, automationName: uiautomator2, databaseEnabled: false, desired: {app: D:/eclipse-workspace/SkipAp..., applicationName: delivery.apk, automationName: uiautomator2, deviceName: Pixel_API_28, platformName: android}, deviceApiLevel: 28, deviceManufacturer: Google, deviceModel: AOSP on IA Emulator, deviceName: emulator-5554, deviceScreenDensity: 440, deviceScreenSize: 1080x2160, deviceUDID: emulator-5554, javascriptEnabled: true, locationContextEnabled: false, networkConnectionEnabled: true, pixelRatio: 2.75, platform: LINUX, platformName: Android, platformVersion: 9, statBarHeight: 66, takesScreenshot: true, viewportRect: {height: 1962, left: 0, top: 66, width: 1080}, warnings: {}, webStorageEnabled: false}
Session ID: 24f4e23e-348e-4bea-842d-f70ec4e10003
*** Element info: {Using=id, value=} FAIL
verifyLoginPageTest(ca.skip.app.restaurant.mobile.test.RestaurantAPP_LoginPageTest) OK
verifyMainScreen(ca.skip.app.restaurant.mobile.test.RestaurantAPP_MainScreenPageTest) OK
verifyRecoveryPasswordPage_emailInvalidFortatTest(ca.skip.app.restaurant.mobile.test.RestaurantAPP_RecoveryPasswordPageTest) org.openqa.selenium.TimeoutException: Expected condition failed: waiting for presence of element located by: By.xpath: //*[@text='RECOVER PASSWORD?'] (tried for 10 second(s) with 500 milliseconds interval) FAIL
verifyRecoveryPasswordPage_ScreenTest(ca.skip.app.restaurant.mobile.test.RestaurantAPP_RecoveryPasswordPageTest) org.openqa.selenium.TimeoutException: Expected condition failed: waiting for presence of element located by: By.xpath: //*[@text='RECOVER PASSWORD?'] (tried for 10 second(s) with 500 milliseconds interval) FAIL
verifyRecoveryPasswordPage_MandatoryFieldEmailTest(ca.skip.app.restaurant.mobile.test.RestaurantAPP_RecoveryPasswordPageTest) org.openqa.selenium.TimeoutException: Expected condition failed: waiting for presence of element located by: By.xpath: //*[@text='RECOVER PASSWORD?'] (tried for 10 second(s) with 500 milliseconds interval) FAIL
