verifyMandatoryField_confirmPassword(ca.skip.app.delivery.mobile.test.DeliveryAPP_SignUpPageTest) OK
verifyPasswordSize(ca.skip.app.delivery.mobile.test.DeliveryAPP_SignUpPageTest) OK
verifyIsPage(ca.skip.app.delivery.mobile.test.DeliveryAPP_SignUpPageTest) OK
verifyDifferentPassword(ca.skip.app.delivery.mobile.test.DeliveryAPP_SignUpPageTest) org.openqa.selenium.WebDriverException: An unknown server-side error occurred while processing the command. Original error: Must provide a selector when finding elements
Build info: version: '3.14.0', revision: 'aacccce0', time: '2018-08-02T20:19:58.91Z'
System info: host: 'LAPTOP', ip: '192.168.165.2', os.name: 'Windows 10', os.arch: 'amd64', os.version: '10.0', java.version: '1.8.0_111'
Driver info: io.appium.java_client.android.AndroidDriver
Capabilities {app: D:/eclipse-workspace/SkipAp..., appPackage: com.ncconsulting.skipthedis..., applicationName: delivery.apk, automationName: uiautomator2, databaseEnabled: false, desired: {app: D:/eclipse-workspace/SkipAp..., applicationName: delivery.apk, automationName: uiautomator2, deviceName: Nexus, platformName: android}, deviceApiLevel: 28, deviceManufacturer: Google, deviceModel: AOSP on IA Emulator, deviceName: emulator-5554, deviceScreenDensity: 420, deviceScreenSize: 1080x1920, deviceUDID: emulator-5554, javascriptEnabled: true, locationContextEnabled: false, networkConnectionEnabled: true, pixelRatio: 2.625, platform: LINUX, platformName: Android, platformVersion: 9, statBarHeight: 63, takesScreenshot: true, viewportRect: {height: 1731, left: 0, top: 63, width: 1080}, warnings: {}, webStorageEnabled: false}
Session ID: 73350683-5493-4ea9-846b-ac23de2d3c11
*** Element info: {Using=id, value=} FAIL
verifyEmailFormat(ca.skip.app.delivery.mobile.test.DeliveryAPP_SignUpPageTest) OK
verifyMandatoryField_email(ca.skip.app.delivery.mobile.test.DeliveryAPP_SignUpPageTest) OK
verifyMandatoryField_phone(ca.skip.app.delivery.mobile.test.DeliveryAPP_SignUpPageTest) OK
verifyMandatoryField_password(ca.skip.app.delivery.mobile.test.DeliveryAPP_SignUpPageTest) org.openqa.selenium.WebDriverException: An unknown server-side error occurred while processing the command. Original error: Must provide a selector when finding elements
Build info: version: '3.14.0', revision: 'aacccce0', time: '2018-08-02T20:19:58.91Z'
System info: host: 'LAPTOP', ip: '192.168.165.2', os.name: 'Windows 10', os.arch: 'amd64', os.version: '10.0', java.version: '1.8.0_111'
Driver info: io.appium.java_client.android.AndroidDriver
Capabilities {app: D:/eclipse-workspace/SkipAp..., appPackage: com.ncconsulting.skipthedis..., applicationName: delivery.apk, automationName: uiautomator2, databaseEnabled: false, desired: {app: D:/eclipse-workspace/SkipAp..., applicationName: delivery.apk, automationName: uiautomator2, deviceName: Nexus, platformName: android}, deviceApiLevel: 28, deviceManufacturer: Google, deviceModel: AOSP on IA Emulator, deviceName: emulator-5554, deviceScreenDensity: 420, deviceScreenSize: 1080x1920, deviceUDID: emulator-5554, javascriptEnabled: true, locationContextEnabled: false, networkConnectionEnabled: true, pixelRatio: 2.625, platform: LINUX, platformName: Android, platformVersion: 9, statBarHeight: 63, takesScreenshot: true, viewportRect: {height: 1731, left: 0, top: 63, width: 1080}, warnings: {}, webStorageEnabled: false}
Session ID: 73350683-5493-4ea9-846b-ac23de2d3c11
*** Element info: {Using=id, value=} FAIL
verifyMandatoryField_name(ca.skip.app.delivery.mobile.test.DeliveryAPP_SignUpPageTest) OK
